09-Sep-2017 16:51:14.459 警告 [main] org.apache.catalina.core.AprLifecycleListener.init The APR based Apache Tomcat Native library failed to load. The error reported was [F:\testNginx\tomcat8\bin\tcnative-1.dll: Can't load AMD 64-bit .dll on a IA 32-bit platform]
 java.lang.UnsatisfiedLinkError: F:\testNginx\tomcat8\bin\tcnative-1.dll: Can't load AMD 64-bit .dll on a IA 32-bit platform
	at java.lang.ClassLoader$NativeLibrary.load(Native Method)
	at java.lang.ClassLoader.loadLibrary1(ClassLoader.java:1965)
	at java.lang.ClassLoader.loadLibrary0(ClassLoader.java:1890)
	at java.lang.ClassLoader.loadLibrary(ClassLoader.java:1880)
	at java.lang.Runtime.loadLibrary0(Runtime.java:849)
	at java.lang.System.loadLibrary(System.java:1088)
	at org.apache.tomcat.jni.Library.<init>(Library.java:42)
	at org.apache.tomcat.jni.Library.initialize(Library.java:178)
	at org.apache.catalina.core.AprLifecycleListener.init(AprLifecycleListener.java:198)
	at org.apache.catalina.core.AprLifecycleListener.isAprAvailable(AprLifecycleListener.java:107)
	at org.apache.catalina.connector.Connector.setProtocol(Connector.java:582)
	at org.apache.catalina.connector.Connector.<init>(Connector.java:74)
	at org.apache.catalina.startup.ConnectorCreateRule.begin(ConnectorCreateRule.java:64)
	at org.apache.tomcat.util.digester.Digester.startElement(Digester.java:1236)
	at com.sun.org.apache.xerces.internal.parsers.AbstractSAXParser.startElement(AbstractSAXParser.java:509)
	at com.sun.org.apache.xerces.internal.parsers.AbstractXMLDocumentParser.emptyElement(AbstractXMLDocumentParser.java:182)
	at com.sun.org.apache.xerces.internal.impl.XMLDocumentFragmentScannerImpl.scanStartElement(XMLDocumentFragmentScannerImpl.java:1343)
	at com.sun.org.apache.xerces.internal.impl.XMLDocumentFragmentScannerImpl$FragmentContentDriver.next(XMLDocumentFragmentScannerImpl.java:2786)
	at com.sun.org.apache.xerces.internal.impl.XMLDocumentScannerImpl.next(XMLDocumentScannerImpl.java:606)
	at com.sun.org.apache.xerces.internal.impl.XMLDocumentFragmentScannerImpl.scanDocument(XMLDocumentFragmentScannerImpl.java:510)
	at com.sun.org.apache.xerces.internal.parsers.XML11Configuration.parse(XML11Configuration.java:848)
	at com.sun.org.apache.xerces.internal.parsers.XML11Configuration.parse(XML11Configuration.java:777)
	at com.sun.org.apache.xerces.internal.parsers.XMLParser.parse(XMLParser.java:141)
	at com.sun.org.apache.xerces.internal.parsers.AbstractSAXParser.parse(AbstractSAXParser.java:1213)
	at com.sun.org.apache.xerces.internal.jaxp.SAXParserImpl$JAXPSAXParser.parse(SAXParserImpl.java:648)
	at org.apache.tomcat.util.digester.Digester.parse(Digester.java:1504)
	at org.apache.catalina.startup.Catalina.load(Catalina.java:579)
	at org.apache.catalina.startup.Catalina.load(Catalina.java:630)
	at sun.reflect.NativeMethodAccessorImpl.invoke0(Native Method)
	at sun.reflect.NativeMethodAccessorImpl.invoke(NativeMethodAccessorImpl.java:57)
	at sun.reflect.DelegatingMethodAccessorImpl.invoke(DelegatingMethodAccessorImpl.java:43)
	at java.lang.reflect.Method.invoke(Method.java:606)
	at org.apache.catalina.startup.Bootstrap.load(Bootstrap.java:311)
	at org.apache.catalina.startup.Bootstrap.main(Bootstrap.java:494)

09-Sep-2017 16:51:14.740 信息 [main] org.apache.catalina.startup.VersionLoggerListener.log Server version:        Apache Tomcat/8.5.20
09-Sep-2017 16:51:14.740 信息 [main] org.apache.catalina.startup.VersionLoggerListener.log Server built:          Aug 2 2017 21:35:49 UTC
09-Sep-2017 16:51:14.740 信息 [main] org.apache.catalina.startup.VersionLoggerListener.log Server number:         8.5.20.0
09-Sep-2017 16:51:14.740 信息 [main] org.apache.catalina.startup.VersionLoggerListener.log OS Name:               Windows 7
09-Sep-2017 16:51:14.740 信息 [main] org.apache.catalina.startup.VersionLoggerListener.log OS Version:            6.1
09-Sep-2017 16:51:14.740 信息 [main] org.apache.catalina.startup.VersionLoggerListener.log Architecture:          x86
09-Sep-2017 16:51:14.740 信息 [main] org.apache.catalina.startup.VersionLoggerListener.log Java Home:             D:\taotao\Java\jdk1.7.0_72\jre
09-Sep-2017 16:51:14.740 信息 [main] org.apache.catalina.startup.VersionLoggerListener.log JVM Version:           1.7.0_72-b14
09-Sep-2017 16:51:14.740 信息 [main] org.apache.catalina.startup.VersionLoggerListener.log JVM Vendor:            Oracle Corporation
09-Sep-2017 16:51:14.740 信息 [main] org.apache.catalina.startup.VersionLoggerListener.log CATALINA_BASE:         F:\testNginx\tomcat8
09-Sep-2017 16:51:14.740 信息 [main] org.apache.catalina.startup.VersionLoggerListener.log CATALINA_HOME:         F:\testNginx\tomcat8
09-Sep-2017 16:51:14.787 信息 [main] org.apache.catalina.startup.VersionLoggerListener.log Command line argument: -Djava.util.logging.config.file=F:\testNginx\tomcat8\conf\logging.properties
09-Sep-2017 16:51:14.787 信息 [main] org.apache.catalina.startup.VersionLoggerListener.log Command line argument: -Djava.util.logging.manager=org.apache.juli.ClassLoaderLogManager
09-Sep-2017 16:51:14.787 信息 [main] org.apache.catalina.startup.VersionLoggerListener.log Command line argument: -Djdk.tls.ephemeralDHKeySize=2048
09-Sep-2017 16:51:14.787 信息 [main] org.apache.catalina.startup.VersionLoggerListener.log Command line argument: -Djava.protocol.handler.pkgs=org.apache.catalina.webresources
09-Sep-2017 16:51:14.787 信息 [main] org.apache.catalina.startup.VersionLoggerListener.log Command line argument: -Dcatalina.base=F:\testNginx\tomcat8
09-Sep-2017 16:51:14.787 信息 [main] org.apache.catalina.startup.VersionLoggerListener.log Command line argument: -Dcatalina.home=F:\testNginx\tomcat8
09-Sep-2017 16:51:14.787 信息 [main] org.apache.catalina.startup.VersionLoggerListener.log Command line argument: -Djava.io.tmpdir=F:\testNginx\tomcat8\temp
09-Sep-2017 16:51:16.129 信息 [main] org.apache.coyote.AbstractProtocol.init Initializing ProtocolHandler ["http-nio-8080"]
09-Sep-2017 16:51:16.238 信息 [main] org.apache.tomcat.util.net.NioSelectorPool.getSharedSelector Using a shared selector for servlet write/read
09-Sep-2017 16:51:16.238 信息 [main] org.apache.coyote.AbstractProtocol.init Initializing ProtocolHandler ["ajp-nio-8009"]
09-Sep-2017 16:51:16.238 信息 [main] org.apache.tomcat.util.net.NioSelectorPool.getSharedSelector Using a shared selector for servlet write/read
09-Sep-2017 16:51:16.238 信息 [main] org.apache.catalina.startup.Catalina.load Initialization processed in 3090 ms
09-Sep-2017 16:51:16.347 信息 [main] org.apache.catalina.core.StandardService.startInternal Starting service [Catalina]
09-Sep-2017 16:51:16.347 信息 [main] org.apache.catalina.core.StandardEngine.startInternal Starting Servlet Engine: Apache Tomcat/8.5.20
09-Sep-2017 16:51:16.394 信息 [localhost-startStop-1] org.apache.catalina.startup.HostConfig.deployDirectory Deploying web application directory [F:\testNginx\tomcat8\webapps\docs]
09-Sep-2017 16:51:17.439 警告 [localhost-startStop-1] org.apache.catalina.util.SessionIdGeneratorBase.createSecureRandom Creation of SecureRandom instance for session ID generation using [SHA1PRNG] took [343] milliseconds.
09-Sep-2017 16:51:17.486 信息 [localhost-startStop-1] org.apache.catalina.startup.HostConfig.deployDirectory Deployment of web application directory [F:\testNginx\tomcat8\webapps\docs] has finished in [1,092] ms
09-Sep-2017 16:51:17.486 信息 [localhost-startStop-1] org.apache.catalina.startup.HostConfig.deployDirectory Deploying web application directory [F:\testNginx\tomcat8\webapps\examples]
09-Sep-2017 16:51:17.845 信息 [localhost-startStop-1] org.apache.catalina.startup.HostConfig.deployDirectory Deployment of web application directory [F:\testNginx\tomcat8\webapps\examples] has finished in [359] ms
09-Sep-2017 16:51:17.845 信息 [localhost-startStop-1] org.apache.catalina.startup.HostConfig.deployDirectory Deploying web application directory [F:\testNginx\tomcat8\webapps\host-manager]
09-Sep-2017 16:51:17.891 信息 [localhost-startStop-1] org.apache.catalina.startup.HostConfig.deployDirectory Deployment of web application directory [F:\testNginx\tomcat8\webapps\host-manager] has finished in [46] ms
09-Sep-2017 16:51:17.891 信息 [localhost-startStop-1] org.apache.catalina.startup.HostConfig.deployDirectory Deploying web application directory [F:\testNginx\tomcat8\webapps\manager]
09-Sep-2017 16:51:17.907 信息 [localhost-startStop-1] org.apache.catalina.startup.HostConfig.deployDirectory Deployment of web application directory [F:\testNginx\tomcat8\webapps\manager] has finished in [16] ms
09-Sep-2017 16:51:17.907 信息 [localhost-startStop-1] org.apache.catalina.startup.HostConfig.deployDirectory Deploying web application directory [F:\testNginx\tomcat8\webapps\ROOT]
09-Sep-2017 16:51:17.938 信息 [localhost-startStop-1] org.apache.catalina.startup.HostConfig.deployDirectory Deployment of web application directory [F:\testNginx\tomcat8\webapps\ROOT] has finished in [31] ms
09-Sep-2017 16:51:17.938 信息 [main] org.apache.coyote.AbstractProtocol.start Starting ProtocolHandler ["http-nio-8080"]
09-Sep-2017 16:51:17.954 信息 [main] org.apache.coyote.AbstractProtocol.start Starting ProtocolHandler ["ajp-nio-8009"]
09-Sep-2017 16:51:17.954 信息 [main] org.apache.catalina.startup.Catalina.start Server startup in 1721 ms
09-Sep-2017 16:52:20.169 信息 [Thread-5] org.apache.coyote.AbstractProtocol.pause Pausing ProtocolHandler ["http-nio-8080"]
09-Sep-2017 16:52:20.699 信息 [Thread-5] org.apache.coyote.AbstractProtocol.pause Pausing ProtocolHandler ["ajp-nio-8009"]
09-Sep-2017 16:52:21.042 信息 [Thread-5] org.apache.catalina.core.StandardService.stopInternal Stopping service [Catalina]
09-Sep-2017 16:52:21.105 信息 [Thread-5] org.apache.coyote.AbstractProtocol.stop Stopping ProtocolHandler ["http-nio-8080"]
09-Sep-2017 16:52:21.105 信息 [Thread-5] org.apache.coyote.AbstractProtocol.stop Stopping ProtocolHandler ["ajp-nio-8009"]
09-Sep-2017 16:52:21.120 信息 [Thread-5] org.apache.coyote.AbstractProtocol.destroy Destroying ProtocolHandler ["http-nio-8080"]
09-Sep-2017 16:52:21.120 信息 [Thread-5] org.apache.coyote.AbstractProtocol.destroy Destroying ProtocolHandler ["ajp-nio-8009"]
09-Sep-2017 16:56:23.092 警告 [main] org.apache.catalina.core.AprLifecycleListener.init The APR based Apache Tomcat Native library failed to load. The error reported was [F:\testNginx\tomcat3\bin\tcnative-1.dll: Can't load AMD 64-bit .dll on a IA 32-bit platform]
 java.lang.UnsatisfiedLinkError: F:\testNginx\tomcat3\bin\tcnative-1.dll: Can't load AMD 64-bit .dll on a IA 32-bit platform
	at java.lang.ClassLoader$NativeLibrary.load(Native Method)
	at java.lang.ClassLoader.loadLibrary1(ClassLoader.java:1965)
	at java.lang.ClassLoader.loadLibrary0(ClassLoader.java:1890)
	at java.lang.ClassLoader.loadLibrary(ClassLoader.java:1880)
	at java.lang.Runtime.loadLibrary0(Runtime.java:849)
	at java.lang.System.loadLibrary(System.java:1088)
	at org.apache.tomcat.jni.Library.<init>(Library.java:42)
	at org.apache.tomcat.jni.Library.initialize(Library.java:178)
	at org.apache.catalina.core.AprLifecycleListener.init(AprLifecycleListener.java:198)
	at org.apache.catalina.core.AprLifecycleListener.isAprAvailable(AprLifecycleListener.java:107)
	at org.apache.catalina.connector.Connector.setProtocol(Connector.java:582)
	at org.apache.catalina.connector.Connector.<init>(Connector.java:74)
	at org.apache.catalina.startup.ConnectorCreateRule.begin(ConnectorCreateRule.java:64)
	at org.apache.tomcat.util.digester.Digester.startElement(Digester.java:1236)
	at com.sun.org.apache.xerces.internal.parsers.AbstractSAXParser.startElement(AbstractSAXParser.java:509)
	at com.sun.org.apache.xerces.internal.parsers.AbstractXMLDocumentParser.emptyElement(AbstractXMLDocumentParser.java:182)
	at com.sun.org.apache.xerces.internal.impl.XMLDocumentFragmentScannerImpl.scanStartElement(XMLDocumentFragmentScannerImpl.java:1343)
	at com.sun.org.apache.xerces.internal.impl.XMLDocumentFragmentScannerImpl$FragmentContentDriver.next(XMLDocumentFragmentScannerImpl.java:2786)
	at com.sun.org.apache.xerces.internal.impl.XMLDocumentScannerImpl.next(XMLDocumentScannerImpl.java:606)
	at com.sun.org.apache.xerces.internal.impl.XMLDocumentFragmentScannerImpl.scanDocument(XMLDocumentFragmentScannerImpl.java:510)
	at com.sun.org.apache.xerces.internal.parsers.XML11Configuration.parse(XML11Configuration.java:848)
	at com.sun.org.apache.xerces.internal.parsers.XML11Configuration.parse(XML11Configuration.java:777)
	at com.sun.org.apache.xerces.internal.parsers.XMLParser.parse(XMLParser.java:141)
	at com.sun.org.apache.xerces.internal.parsers.AbstractSAXParser.parse(AbstractSAXParser.java:1213)
	at com.sun.org.apache.xerces.internal.jaxp.SAXParserImpl$JAXPSAXParser.parse(SAXParserImpl.java:648)
	at org.apache.tomcat.util.digester.Digester.parse(Digester.java:1504)
	at org.apache.catalina.startup.Catalina.load(Catalina.java:579)
	at org.apache.catalina.startup.Catalina.load(Catalina.java:630)
	at sun.reflect.NativeMethodAccessorImpl.invoke0(Native Method)
	at sun.reflect.NativeMethodAccessorImpl.invoke(NativeMethodAccessorImpl.java:57)
	at sun.reflect.DelegatingMethodAccessorImpl.invoke(DelegatingMethodAccessorImpl.java:43)
	at java.lang.reflect.Method.invoke(Method.java:606)
	at org.apache.catalina.startup.Bootstrap.load(Bootstrap.java:311)
	at org.apache.catalina.startup.Bootstrap.main(Bootstrap.java:494)

09-Sep-2017 16:56:23.170 信息 [main] org.apache.catalina.startup.VersionLoggerListener.log Server version:        Apache Tomcat/8.5.20
09-Sep-2017 16:56:23.170 信息 [main] org.apache.catalina.startup.VersionLoggerListener.log Server built:          Aug 2 2017 21:35:49 UTC
09-Sep-2017 16:56:23.170 信息 [main] org.apache.catalina.startup.VersionLoggerListener.log Server number:         8.5.20.0
09-Sep-2017 16:56:23.170 信息 [main] org.apache.catalina.startup.VersionLoggerListener.log OS Name:               Windows 7
09-Sep-2017 16:56:23.170 信息 [main] org.apache.catalina.startup.VersionLoggerListener.log OS Version:            6.1
09-Sep-2017 16:56:23.170 信息 [main] org.apache.catalina.startup.VersionLoggerListener.log Architecture:          x86
09-Sep-2017 16:56:23.170 信息 [main] org.apache.catalina.startup.VersionLoggerListener.log Java Home:             D:\taotao\Java\jdk1.7.0_72\jre
09-Sep-2017 16:56:23.170 信息 [main] org.apache.catalina.startup.VersionLoggerListener.log JVM Version:           1.7.0_72-b14
09-Sep-2017 16:56:23.170 信息 [main] org.apache.catalina.startup.VersionLoggerListener.log JVM Vendor:            Oracle Corporation
09-Sep-2017 16:56:23.170 信息 [main] org.apache.catalina.startup.VersionLoggerListener.log CATALINA_BASE:         F:\testNginx\tomcat3
09-Sep-2017 16:56:23.170 信息 [main] org.apache.catalina.startup.VersionLoggerListener.log CATALINA_HOME:         F:\testNginx\tomcat3
09-Sep-2017 16:56:23.186 信息 [main] org.apache.catalina.startup.VersionLoggerListener.log Command line argument: -Djava.util.logging.config.file=F:\testNginx\tomcat3\conf\logging.properties
09-Sep-2017 16:56:23.186 信息 [main] org.apache.catalina.startup.VersionLoggerListener.log Command line argument: -Djava.util.logging.manager=org.apache.juli.ClassLoaderLogManager
09-Sep-2017 16:56:23.186 信息 [main] org.apache.catalina.startup.VersionLoggerListener.log Command line argument: -Djdk.tls.ephemeralDHKeySize=2048
09-Sep-2017 16:56:23.186 信息 [main] org.apache.catalina.startup.VersionLoggerListener.log Command line argument: -Djava.protocol.handler.pkgs=org.apache.catalina.webresources
09-Sep-2017 16:56:23.186 信息 [main] org.apache.catalina.startup.VersionLoggerListener.log Command line argument: -Dcatalina.base=F:\testNginx\tomcat3
09-Sep-2017 16:56:23.186 信息 [main] org.apache.catalina.startup.VersionLoggerListener.log Command line argument: -Dcatalina.home=F:\testNginx\tomcat3
09-Sep-2017 16:56:23.186 信息 [main] org.apache.catalina.startup.VersionLoggerListener.log Command line argument: -Djava.io.tmpdir=F:\testNginx\tomcat3\temp
09-Sep-2017 16:56:23.264 信息 [main] org.apache.coyote.AbstractProtocol.init Initializing ProtocolHandler ["http-nio-8082"]
09-Sep-2017 16:56:23.295 信息 [main] org.apache.tomcat.util.net.NioSelectorPool.getSharedSelector Using a shared selector for servlet write/read
09-Sep-2017 16:56:23.295 信息 [main] org.apache.coyote.AbstractProtocol.init Initializing ProtocolHandler ["ajp-nio-8011"]
09-Sep-2017 16:56:23.295 信息 [main] org.apache.tomcat.util.net.NioSelectorPool.getSharedSelector Using a shared selector for servlet write/read
09-Sep-2017 16:56:23.295 信息 [main] org.apache.catalina.startup.Catalina.load Initialization processed in 409 ms
09-Sep-2017 16:56:23.326 信息 [main] org.apache.catalina.core.StandardService.startInternal Starting service [Catalina]
09-Sep-2017 16:56:23.326 信息 [main] org.apache.catalina.core.StandardEngine.startInternal Starting Servlet Engine: Apache Tomcat/8.5.20
09-Sep-2017 16:56:23.326 信息 [localhost-startStop-1] org.apache.catalina.startup.HostConfig.deployDirectory Deploying web application directory [F:\testNginx\tomcat3\webapps\docs]
09-Sep-2017 16:56:23.841 警告 [localhost-startStop-1] org.apache.catalina.util.SessionIdGeneratorBase.createSecureRandom Creation of SecureRandom instance for session ID generation using [SHA1PRNG] took [296] milliseconds.
09-Sep-2017 16:56:23.857 信息 [localhost-startStop-1] org.apache.catalina.startup.HostConfig.deployDirectory Deployment of web application directory [F:\testNginx\tomcat3\webapps\docs] has finished in [531] ms
09-Sep-2017 16:56:23.857 信息 [localhost-startStop-1] org.apache.catalina.startup.HostConfig.deployDirectory Deploying web application directory [F:\testNginx\tomcat3\webapps\examples]
09-Sep-2017 16:56:24.122 信息 [localhost-startStop-1] org.apache.catalina.startup.HostConfig.deployDirectory Deployment of web application directory [F:\testNginx\tomcat3\webapps\examples] has finished in [265] ms
09-Sep-2017 16:56:24.122 信息 [localhost-startStop-1] org.apache.catalina.startup.HostConfig.deployDirectory Deploying web application directory [F:\testNginx\tomcat3\webapps\host-manager]
09-Sep-2017 16:56:24.137 信息 [localhost-startStop-1] org.apache.catalina.startup.HostConfig.deployDirectory Deployment of web application directory [F:\testNginx\tomcat3\webapps\host-manager] has finished in [15] ms
09-Sep-2017 16:56:24.153 信息 [localhost-startStop-1] org.apache.catalina.startup.HostConfig.deployDirectory Deploying web application directory [F:\testNginx\tomcat3\webapps\manager]
09-Sep-2017 16:56:24.169 信息 [localhost-startStop-1] org.apache.catalina.startup.HostConfig.deployDirectory Deployment of web application directory [F:\testNginx\tomcat3\webapps\manager] has finished in [32] ms
09-Sep-2017 16:56:24.169 信息 [localhost-startStop-1] org.apache.catalina.startup.HostConfig.deployDirectory Deploying web application directory [F:\testNginx\tomcat3\webapps\ROOT]
09-Sep-2017 16:56:24.184 信息 [localhost-startStop-1] org.apache.catalina.startup.HostConfig.deployDirectory Deployment of web application directory [F:\testNginx\tomcat3\webapps\ROOT] has finished in [15] ms
09-Sep-2017 16:56:24.184 信息 [main] org.apache.coyote.AbstractProtocol.start Starting ProtocolHandler ["http-nio-8082"]
09-Sep-2017 16:56:24.184 信息 [main] org.apache.coyote.AbstractProtocol.start Starting ProtocolHandler ["ajp-nio-8011"]
09-Sep-2017 16:56:24.200 信息 [main] org.apache.catalina.startup.Catalina.start Server startup in 895 ms
09-Sep-2017 17:12:17.923 信息 [Thread-5] org.apache.coyote.AbstractProtocol.pause Pausing ProtocolHandler ["http-nio-8082"]
09-Sep-2017 17:12:18.282 信息 [Thread-5] org.apache.coyote.AbstractProtocol.pause Pausing ProtocolHandler ["ajp-nio-8011"]
09-Sep-2017 17:12:18.625 信息 [Thread-5] org.apache.catalina.core.StandardService.stopInternal Stopping service [Catalina]
09-Sep-2017 17:12:18.641 信息 [Thread-5] org.apache.coyote.AbstractProtocol.stop Stopping ProtocolHandler ["http-nio-8082"]
09-Sep-2017 17:12:18.641 信息 [Thread-5] org.apache.coyote.AbstractProtocol.stop Stopping ProtocolHandler ["ajp-nio-8011"]
09-Sep-2017 17:12:18.641 信息 [Thread-5] org.apache.coyote.AbstractProtocol.destroy Destroying ProtocolHandler ["http-nio-8082"]
09-Sep-2017 17:12:18.641 信息 [Thread-5] org.apache.coyote.AbstractProtocol.destroy Destroying ProtocolHandler ["ajp-nio-8011"]
09-Sep-2017 17:12:59.600 警告 [main] org.apache.catalina.core.AprLifecycleListener.init The APR based Apache Tomcat Native library failed to load. The error reported was [F:\testNginx\tomcat3\bin\tcnative-1.dll: Can't load AMD 64-bit .dll on a IA 32-bit platform]
 java.lang.UnsatisfiedLinkError: F:\testNginx\tomcat3\bin\tcnative-1.dll: Can't load AMD 64-bit .dll on a IA 32-bit platform
	at java.lang.ClassLoader$NativeLibrary.load(Native Method)
	at java.lang.ClassLoader.loadLibrary1(ClassLoader.java:1965)
	at java.lang.ClassLoader.loadLibrary0(ClassLoader.java:1890)
	at java.lang.ClassLoader.loadLibrary(ClassLoader.java:1880)
	at java.lang.Runtime.loadLibrary0(Runtime.java:849)
	at java.lang.System.loadLibrary(System.java:1088)
	at org.apache.tomcat.jni.Library.<init>(Library.java:42)
	at org.apache.tomcat.jni.Library.initialize(Library.java:178)
	at org.apache.catalina.core.AprLifecycleListener.init(AprLifecycleListener.java:198)
	at org.apache.catalina.core.AprLifecycleListener.isAprAvailable(AprLifecycleListener.java:107)
	at org.apache.catalina.connector.Connector.setProtocol(Connector.java:582)
	at org.apache.catalina.connector.Connector.<init>(Connector.java:74)
	at org.apache.catalina.startup.ConnectorCreateRule.begin(ConnectorCreateRule.java:64)
	at org.apache.tomcat.util.digester.Digester.startElement(Digester.java:1236)
	at com.sun.org.apache.xerces.internal.parsers.AbstractSAXParser.startElement(AbstractSAXParser.java:509)
	at com.sun.org.apache.xerces.internal.parsers.AbstractXMLDocumentParser.emptyElement(AbstractXMLDocumentParser.java:182)
	at com.sun.org.apache.xerces.internal.impl.XMLDocumentFragmentScannerImpl.scanStartElement(XMLDocumentFragmentScannerImpl.java:1343)
	at com.sun.org.apache.xerces.internal.impl.XMLDocumentFragmentScannerImpl$FragmentContentDriver.next(XMLDocumentFragmentScannerImpl.java:2786)
	at com.sun.org.apache.xerces.internal.impl.XMLDocumentScannerImpl.next(XMLDocumentScannerImpl.java:606)
	at com.sun.org.apache.xerces.internal.impl.XMLDocumentFragmentScannerImpl.scanDocument(XMLDocumentFragmentScannerImpl.java:510)
	at com.sun.org.apache.xerces.internal.parsers.XML11Configuration.parse(XML11Configuration.java:848)
	at com.sun.org.apache.xerces.internal.parsers.XML11Configuration.parse(XML11Configuration.java:777)
	at com.sun.org.apache.xerces.internal.parsers.XMLParser.parse(XMLParser.java:141)
	at com.sun.org.apache.xerces.internal.parsers.AbstractSAXParser.parse(AbstractSAXParser.java:1213)
	at com.sun.org.apache.xerces.internal.jaxp.SAXParserImpl$JAXPSAXParser.parse(SAXParserImpl.java:648)
	at org.apache.tomcat.util.digester.Digester.parse(Digester.java:1504)
	at org.apache.catalina.startup.Catalina.load(Catalina.java:579)
	at org.apache.catalina.startup.Catalina.load(Catalina.java:630)
	at sun.reflect.NativeMethodAccessorImpl.invoke0(Native Method)
	at sun.reflect.NativeMethodAccessorImpl.invoke(NativeMethodAccessorImpl.java:57)
	at sun.reflect.DelegatingMethodAccessorImpl.invoke(DelegatingMethodAccessorImpl.java:43)
	at java.lang.reflect.Method.invoke(Method.java:606)
	at org.apache.catalina.startup.Bootstrap.load(Bootstrap.java:311)
	at org.apache.catalina.startup.Bootstrap.main(Bootstrap.java:494)

09-Sep-2017 17:12:59.678 信息 [main] org.apache.catalina.startup.VersionLoggerListener.log Server version:        Apache Tomcat/8.5.20
09-Sep-2017 17:12:59.678 信息 [main] org.apache.catalina.startup.VersionLoggerListener.log Server built:          Aug 2 2017 21:35:49 UTC
09-Sep-2017 17:12:59.678 信息 [main] org.apache.catalina.startup.VersionLoggerListener.log Server number:         8.5.20.0
09-Sep-2017 17:12:59.678 信息 [main] org.apache.catalina.startup.VersionLoggerListener.log OS Name:               Windows 7
09-Sep-2017 17:12:59.678 信息 [main] org.apache.catalina.startup.VersionLoggerListener.log OS Version:            6.1
09-Sep-2017 17:12:59.678 信息 [main] org.apache.catalina.startup.VersionLoggerListener.log Architecture:          x86
09-Sep-2017 17:12:59.678 信息 [main] org.apache.catalina.startup.VersionLoggerListener.log Java Home:             D:\taotao\Java\jdk1.7.0_72\jre
09-Sep-2017 17:12:59.678 信息 [main] org.apache.catalina.startup.VersionLoggerListener.log JVM Version:           1.7.0_72-b14
09-Sep-2017 17:12:59.678 信息 [main] org.apache.catalina.startup.VersionLoggerListener.log JVM Vendor:            Oracle Corporation
09-Sep-2017 17:12:59.678 信息 [main] org.apache.catalina.startup.VersionLoggerListener.log CATALINA_BASE:         F:\testNginx\tomcat3
09-Sep-2017 17:12:59.678 信息 [main] org.apache.catalina.startup.VersionLoggerListener.log CATALINA_HOME:         F:\testNginx\tomcat3
09-Sep-2017 17:12:59.678 信息 [main] org.apache.catalina.startup.VersionLoggerListener.log Command line argument: -Djava.util.logging.config.file=F:\testNginx\tomcat3\conf\logging.properties
09-Sep-2017 17:12:59.678 信息 [main] org.apache.catalina.startup.VersionLoggerListener.log Command line argument: -Djava.util.logging.manager=org.apache.juli.ClassLoaderLogManager
09-Sep-2017 17:12:59.678 信息 [main] org.apache.catalina.startup.VersionLoggerListener.log Command line argument: -Djdk.tls.ephemeralDHKeySize=2048
09-Sep-2017 17:12:59.678 信息 [main] org.apache.catalina.startup.VersionLoggerListener.log Command line argument: -Djava.protocol.handler.pkgs=org.apache.catalina.webresources
09-Sep-2017 17:12:59.693 信息 [main] org.apache.catalina.startup.VersionLoggerListener.log Command line argument: -Dcatalina.base=F:\testNginx\tomcat3
09-Sep-2017 17:12:59.693 信息 [main] org.apache.catalina.startup.VersionLoggerListener.log Command line argument: -Dcatalina.home=F:\testNginx\tomcat3
09-Sep-2017 17:12:59.693 信息 [main] org.apache.catalina.startup.VersionLoggerListener.log Command line argument: -Djava.io.tmpdir=F:\testNginx\tomcat3\temp
09-Sep-2017 17:12:59.771 信息 [main] org.apache.coyote.AbstractProtocol.init Initializing ProtocolHandler ["http-nio-8082"]
09-Sep-2017 17:12:59.802 信息 [main] org.apache.tomcat.util.net.NioSelectorPool.getSharedSelector Using a shared selector for servlet write/read
09-Sep-2017 17:12:59.802 信息 [main] org.apache.coyote.AbstractProtocol.init Initializing ProtocolHandler ["ajp-nio-8011"]
09-Sep-2017 17:12:59.802 信息 [main] org.apache.tomcat.util.net.NioSelectorPool.getSharedSelector Using a shared selector for servlet write/read
09-Sep-2017 17:12:59.802 信息 [main] org.apache.catalina.startup.Catalina.load Initialization processed in 407 ms
09-Sep-2017 17:12:59.834 信息 [main] org.apache.catalina.core.StandardService.startInternal Starting service [Catalina]
09-Sep-2017 17:12:59.834 信息 [main] org.apache.catalina.core.StandardEngine.startInternal Starting Servlet Engine: Apache Tomcat/8.5.20
09-Sep-2017 17:12:59.834 信息 [localhost-startStop-1] org.apache.catalina.startup.HostConfig.deployDirectory Deploying web application directory [F:\testNginx\tomcat3\webapps\docs]
09-Sep-2017 17:13:00.364 警告 [localhost-startStop-1] org.apache.catalina.util.SessionIdGeneratorBase.createSecureRandom Creation of SecureRandom instance for session ID generation using [SHA1PRNG] took [312] milliseconds.
09-Sep-2017 17:13:00.380 信息 [localhost-startStop-1] org.apache.catalina.startup.HostConfig.deployDirectory Deployment of web application directory [F:\testNginx\tomcat3\webapps\docs] has finished in [546] ms
09-Sep-2017 17:13:00.380 信息 [localhost-startStop-1] org.apache.catalina.startup.HostConfig.deployDirectory Deploying web application directory [F:\testNginx\tomcat3\webapps\examples]
09-Sep-2017 17:13:00.645 信息 [localhost-startStop-1] org.apache.catalina.startup.HostConfig.deployDirectory Deployment of web application directory [F:\testNginx\tomcat3\webapps\examples] has finished in [265] ms
09-Sep-2017 17:13:00.645 信息 [localhost-startStop-1] org.apache.catalina.startup.HostConfig.deployDirectory Deploying web application directory [F:\testNginx\tomcat3\webapps\host-manager]
09-Sep-2017 17:13:00.660 信息 [localhost-startStop-1] org.apache.catalina.startup.HostConfig.deployDirectory Deployment of web application directory [F:\testNginx\tomcat3\webapps\host-manager] has finished in [15] ms
09-Sep-2017 17:13:00.660 信息 [localhost-startStop-1] org.apache.catalina.startup.HostConfig.deployDirectory Deploying web application directory [F:\testNginx\tomcat3\webapps\manager]
09-Sep-2017 17:13:00.676 信息 [localhost-startStop-1] org.apache.catalina.startup.HostConfig.deployDirectory Deployment of web application directory [F:\testNginx\tomcat3\webapps\manager] has finished in [16] ms
09-Sep-2017 17:13:00.676 信息 [localhost-startStop-1] org.apache.catalina.startup.HostConfig.deployDirectory Deploying web application directory [F:\testNginx\tomcat3\webapps\ROOT]
09-Sep-2017 17:13:00.692 信息 [localhost-startStop-1] org.apache.catalina.startup.HostConfig.deployDirectory Deployment of web application directory [F:\testNginx\tomcat3\webapps\ROOT] has finished in [16] ms
09-Sep-2017 17:13:00.692 信息 [main] org.apache.coyote.AbstractProtocol.start Starting ProtocolHandler ["http-nio-8082"]
09-Sep-2017 17:13:00.707 信息 [main] org.apache.coyote.AbstractProtocol.start Starting ProtocolHandler ["ajp-nio-8011"]
09-Sep-2017 17:13:00.707 信息 [main] org.apache.catalina.startup.Catalina.start Server startup in 908 ms
