11-Sep-2017 21:40:09.191 警告 [main] org.apache.catalina.core.AprLifecycleListener.init The APR based Apache Tomcat Native library failed to load. The error reported was [F:\testNginx\tomcat1\bin\tcnative-1.dll: Can't load AMD 64-bit .dll on a IA 32-bit platform]
 java.lang.UnsatisfiedLinkError: F:\testNginx\tomcat1\bin\tcnative-1.dll: Can't load AMD 64-bit .dll on a IA 32-bit platform
	at java.lang.ClassLoader$NativeLibrary.load(Native Method)
	at java.lang.ClassLoader.loadLibrary1(ClassLoader.java:1965)
	at java.lang.ClassLoader.loadLibrary0(ClassLoader.java:1890)
	at java.lang.ClassLoader.loadLibrary(ClassLoader.java:1880)
	at java.lang.Runtime.loadLibrary0(Runtime.java:849)
	at java.lang.System.loadLibrary(System.java:1088)
	at org.apache.tomcat.jni.Library.<init>(Library.java:42)
	at org.apache.tomcat.jni.Library.initialize(Library.java:178)
	at org.apache.catalina.core.AprLifecycleListener.init(AprLifecycleListener.java:198)
	at org.apache.catalina.core.AprLifecycleListener.isAprAvailable(AprLifecycleListener.java:107)
	at org.apache.catalina.connector.Connector.setProtocol(Connector.java:582)
	at org.apache.catalina.connector.Connector.<init>(Connector.java:74)
	at org.apache.catalina.startup.ConnectorCreateRule.begin(ConnectorCreateRule.java:64)
	at org.apache.tomcat.util.digester.Digester.startElement(Digester.java:1236)
	at com.sun.org.apache.xerces.internal.parsers.AbstractSAXParser.startElement(AbstractSAXParser.java:509)
	at com.sun.org.apache.xerces.internal.parsers.AbstractXMLDocumentParser.emptyElement(AbstractXMLDocumentParser.java:182)
	at com.sun.org.apache.xerces.internal.impl.XMLDocumentFragmentScannerImpl.scanStartElement(XMLDocumentFragmentScannerImpl.java:1343)
	at com.sun.org.apache.xerces.internal.impl.XMLDocumentFragmentScannerImpl$FragmentContentDriver.next(XMLDocumentFragmentScannerImpl.java:2786)
	at com.sun.org.apache.xerces.internal.impl.XMLDocumentScannerImpl.next(XMLDocumentScannerImpl.java:606)
	at com.sun.org.apache.xerces.internal.impl.XMLDocumentFragmentScannerImpl.scanDocument(XMLDocumentFragmentScannerImpl.java:510)
	at com.sun.org.apache.xerces.internal.parsers.XML11Configuration.parse(XML11Configuration.java:848)
	at com.sun.org.apache.xerces.internal.parsers.XML11Configuration.parse(XML11Configuration.java:777)
	at com.sun.org.apache.xerces.internal.parsers.XMLParser.parse(XMLParser.java:141)
	at com.sun.org.apache.xerces.internal.parsers.AbstractSAXParser.parse(AbstractSAXParser.java:1213)
	at com.sun.org.apache.xerces.internal.jaxp.SAXParserImpl$JAXPSAXParser.parse(SAXParserImpl.java:648)
	at org.apache.tomcat.util.digester.Digester.parse(Digester.java:1504)
	at org.apache.catalina.startup.Catalina.load(Catalina.java:579)
	at org.apache.catalina.startup.Catalina.load(Catalina.java:630)
	at sun.reflect.NativeMethodAccessorImpl.invoke0(Native Method)
	at sun.reflect.NativeMethodAccessorImpl.invoke(NativeMethodAccessorImpl.java:57)
	at sun.reflect.DelegatingMethodAccessorImpl.invoke(DelegatingMethodAccessorImpl.java:43)
	at java.lang.reflect.Method.invoke(Method.java:606)
	at org.apache.catalina.startup.Bootstrap.load(Bootstrap.java:311)
	at org.apache.catalina.startup.Bootstrap.main(Bootstrap.java:494)

11-Sep-2017 21:40:09.543 信息 [main] org.apache.catalina.startup.VersionLoggerListener.log Server version:        Apache Tomcat/8.5.20
11-Sep-2017 21:40:09.543 信息 [main] org.apache.catalina.startup.VersionLoggerListener.log Server built:          Aug 2 2017 21:35:49 UTC
11-Sep-2017 21:40:09.544 信息 [main] org.apache.catalina.startup.VersionLoggerListener.log Server number:         8.5.20.0
11-Sep-2017 21:40:09.545 信息 [main] org.apache.catalina.startup.VersionLoggerListener.log OS Name:               Windows 7
11-Sep-2017 21:40:09.546 信息 [main] org.apache.catalina.startup.VersionLoggerListener.log OS Version:            6.1
11-Sep-2017 21:40:09.547 信息 [main] org.apache.catalina.startup.VersionLoggerListener.log Architecture:          x86
11-Sep-2017 21:40:09.548 信息 [main] org.apache.catalina.startup.VersionLoggerListener.log Java Home:             D:\taotao\Java\jdk1.7.0_72\jre
11-Sep-2017 21:40:09.549 信息 [main] org.apache.catalina.startup.VersionLoggerListener.log JVM Version:           1.7.0_72-b14
11-Sep-2017 21:40:09.550 信息 [main] org.apache.catalina.startup.VersionLoggerListener.log JVM Vendor:            Oracle Corporation
11-Sep-2017 21:40:09.550 信息 [main] org.apache.catalina.startup.VersionLoggerListener.log CATALINA_BASE:         F:\testNginx\tomcat1
11-Sep-2017 21:40:09.552 信息 [main] org.apache.catalina.startup.VersionLoggerListener.log CATALINA_HOME:         F:\testNginx\tomcat1
11-Sep-2017 21:40:09.562 信息 [main] org.apache.catalina.startup.VersionLoggerListener.log Command line argument: -Djava.util.logging.config.file=F:\testNginx\tomcat1\conf\logging.properties
11-Sep-2017 21:40:09.563 信息 [main] org.apache.catalina.startup.VersionLoggerListener.log Command line argument: -Djava.util.logging.manager=org.apache.juli.ClassLoaderLogManager
11-Sep-2017 21:40:09.564 信息 [main] org.apache.catalina.startup.VersionLoggerListener.log Command line argument: -Djdk.tls.ephemeralDHKeySize=2048
11-Sep-2017 21:40:09.565 信息 [main] org.apache.catalina.startup.VersionLoggerListener.log Command line argument: -Djava.protocol.handler.pkgs=org.apache.catalina.webresources
11-Sep-2017 21:40:09.566 信息 [main] org.apache.catalina.startup.VersionLoggerListener.log Command line argument: -Dcatalina.base=F:\testNginx\tomcat1
11-Sep-2017 21:40:09.567 信息 [main] org.apache.catalina.startup.VersionLoggerListener.log Command line argument: -Dcatalina.home=F:\testNginx\tomcat1
11-Sep-2017 21:40:09.568 信息 [main] org.apache.catalina.startup.VersionLoggerListener.log Command line argument: -Djava.io.tmpdir=F:\testNginx\tomcat1\temp
11-Sep-2017 21:40:10.650 信息 [main] org.apache.coyote.AbstractProtocol.init Initializing ProtocolHandler ["http-nio-8080"]
11-Sep-2017 21:40:10.830 信息 [main] org.apache.tomcat.util.net.NioSelectorPool.getSharedSelector Using a shared selector for servlet write/read
11-Sep-2017 21:40:10.861 信息 [main] org.apache.coyote.AbstractProtocol.init Initializing ProtocolHandler ["ajp-nio-8009"]
11-Sep-2017 21:40:10.864 信息 [main] org.apache.tomcat.util.net.NioSelectorPool.getSharedSelector Using a shared selector for servlet write/read
11-Sep-2017 21:40:10.865 信息 [main] org.apache.catalina.startup.Catalina.load Initialization processed in 3302 ms
11-Sep-2017 21:40:10.985 信息 [main] org.apache.catalina.core.StandardService.startInternal Starting service [Catalina]
11-Sep-2017 21:40:10.986 信息 [main] org.apache.catalina.core.StandardEngine.startInternal Starting Servlet Engine: Apache Tomcat/8.5.20
11-Sep-2017 21:40:11.036 信息 [localhost-startStop-1] org.apache.catalina.startup.HostConfig.deployDirectory Deploying web application directory [F:\testNginx\tomcat1\webapps\docs]
11-Sep-2017 21:40:12.535 警告 [localhost-startStop-1] org.apache.catalina.util.SessionIdGeneratorBase.createSecureRandom Creation of SecureRandom instance for session ID generation using [SHA1PRNG] took [361] milliseconds.
11-Sep-2017 21:40:12.620 信息 [localhost-startStop-1] org.apache.catalina.startup.HostConfig.deployDirectory Deployment of web application directory [F:\testNginx\tomcat1\webapps\docs] has finished in [1,583] ms
11-Sep-2017 21:40:12.621 信息 [localhost-startStop-1] org.apache.catalina.startup.HostConfig.deployDirectory Deploying web application directory [F:\testNginx\tomcat1\webapps\examples]
11-Sep-2017 21:40:13.171 信息 [localhost-startStop-1] org.apache.catalina.startup.HostConfig.deployDirectory Deployment of web application directory [F:\testNginx\tomcat1\webapps\examples] has finished in [551] ms
11-Sep-2017 21:40:13.172 信息 [localhost-startStop-1] org.apache.catalina.startup.HostConfig.deployDirectory Deploying web application directory [F:\testNginx\tomcat1\webapps\host-manager]
11-Sep-2017 21:40:13.261 信息 [localhost-startStop-1] org.apache.catalina.startup.HostConfig.deployDirectory Deployment of web application directory [F:\testNginx\tomcat1\webapps\host-manager] has finished in [89] ms
11-Sep-2017 21:40:13.262 信息 [localhost-startStop-1] org.apache.catalina.startup.HostConfig.deployDirectory Deploying web application directory [F:\testNginx\tomcat1\webapps\manager]
11-Sep-2017 21:40:13.307 信息 [localhost-startStop-1] org.apache.catalina.startup.HostConfig.deployDirectory Deployment of web application directory [F:\testNginx\tomcat1\webapps\manager] has finished in [45] ms
11-Sep-2017 21:40:13.309 信息 [localhost-startStop-1] org.apache.catalina.startup.HostConfig.deployDirectory Deploying web application directory [F:\testNginx\tomcat1\webapps\ROOT]
11-Sep-2017 21:40:13.333 信息 [localhost-startStop-1] org.apache.catalina.startup.HostConfig.deployDirectory Deployment of web application directory [F:\testNginx\tomcat1\webapps\ROOT] has finished in [25] ms
11-Sep-2017 21:40:13.338 信息 [main] org.apache.coyote.AbstractProtocol.start Starting ProtocolHandler ["http-nio-8080"]
11-Sep-2017 21:40:13.348 信息 [main] org.apache.coyote.AbstractProtocol.start Starting ProtocolHandler ["ajp-nio-8009"]
11-Sep-2017 21:40:13.353 信息 [main] org.apache.catalina.startup.Catalina.start Server startup in 2486 ms
11-Sep-2017 23:06:40.261 信息 [Thread-5] org.apache.coyote.AbstractProtocol.pause Pausing ProtocolHandler ["http-nio-8080"]
11-Sep-2017 23:06:40.636 信息 [Thread-5] org.apache.coyote.AbstractProtocol.pause Pausing ProtocolHandler ["ajp-nio-8009"]
11-Sep-2017 23:06:40.979 信息 [Thread-5] org.apache.catalina.core.StandardService.stopInternal Stopping service [Catalina]
11-Sep-2017 23:06:41.057 信息 [Thread-5] org.apache.coyote.AbstractProtocol.stop Stopping ProtocolHandler ["http-nio-8080"]
11-Sep-2017 23:06:41.057 信息 [Thread-5] org.apache.coyote.AbstractProtocol.stop Stopping ProtocolHandler ["ajp-nio-8009"]
11-Sep-2017 23:06:41.057 信息 [Thread-5] org.apache.coyote.AbstractProtocol.destroy Destroying ProtocolHandler ["http-nio-8080"]
11-Sep-2017 23:06:41.057 信息 [Thread-5] org.apache.coyote.AbstractProtocol.destroy Destroying ProtocolHandler ["ajp-nio-8009"]
